<?xml version="1.0" encoding="UTF-8"?>
<testng-results ignored="0" total="1" passed="1" failed="0" skipped="0">
  <reporter-output>
  </reporter-output>
  <suite started-at="2021-12-14T10:11:45 EST" name="Command line suite" finished-at="2021-12-14T10:12:06 EST" duration-ms="21760">
    <groups>
      <group name="cucumber">
        <method signature="AbstractTestNGCucumberTests.runScenario(io.cucumber.testng.PickleWrapper,io.cucumber.testng.FeatureWrapper)[pri:0, instance:com.united.base.TestRunner@186f8716]" name="runScenario" class="io.cucumber.testng.AbstractTestNGCucumberTests"/>
      </group> <!-- cucumber -->
    </groups>
    <test started-at="2021-12-14T10:11:45 EST" name="Command line test" finished-at="2021-12-14T10:12:06 EST" duration-ms="21760">
      <class name="com.united.base.TestRunner">
        <test-method is-config="true" signature="setUpClass()[pri:0, instance:com.united.base.TestRunner@186f8716]" started-at="2021-12-14T10:11:45 EST" name="setUpClass" finished-at="2021-12-14T10:11:45 EST" duration-ms="379" status="PASS">
          <reporter-output>
          </reporter-output>
        </test-method> <!-- setUpClass -->
        <test-method signature="runScenario(io.cucumber.testng.PickleWrapper,io.cucumber.testng.FeatureWrapper)[pri:0, instance:com.united.base.TestRunner@186f8716]" started-at="2021-12-14T10:11:45 EST" name="runScenario" description="Runs Cucumber Scenarios" data-provider="scenarios" finished-at="2021-12-14T10:12:06 EST" duration-ms="21330" status="PASS">
          <params>
            <param index="0">
              <value>
                <![CDATA["app load with book,fight status , etc"]]>
              </value>
            </param>
            <param index="1">
              <value>
                <![CDATA["Optional[Testing the major functionalities]"]]>
              </value>
            </param>
          </params>
          <reporter-output>
          </reporter-output>
        </test-method> <!-- runScenario -->
        <test-method is-config="true" signature="tearDownClass()[pri:0, instance:com.united.base.TestRunner@186f8716]" started-at="2021-12-14T10:12:06 EST" name="tearDownClass" finished-at="2021-12-14T10:12:06 EST" duration-ms="6" status="PASS">
          <reporter-output>
          </reporter-output>
        </test-method> <!-- tearDownClass -->
      </class> <!-- com.united.base.TestRunner -->
    </test> <!-- Command line test -->
  </suite> <!-- Command line suite -->
</testng-results>
